JvmtiExport can_access_local_variables 0
JvmtiExport can_hotswap_or_post_breakpoint 0
JvmtiExport can_post_on_exceptions 0
# 379 ciObject found
ciMethod java/lang/Object <init> ()V 4097 1 521514 0 0
ciMethod java/lang/Object getClass ()Ljava/lang/Class; 2049 1 256 0 -1
ciMethod java/lang/Object hashCode ()I 2049 1 256 0 -1
ciMethod java/lang/Object equals (Ljava/lang/Object;)Z 2049 1 12426 0 64
ciMethod java/lang/Object clone ()Ljava/lang/Object; 2049 1 256 0 -1
ciMethod java/lang/String startsWith (Ljava/lang/String;)Z 2441 1 94449 0 -1
ciMethod java/lang/Class isAssignableFrom (Ljava/lang/Class;)Z 2057 1 257 0 -1
ciMethod java/lang/Class isInterface ()Z 2049 1 256 0 -1
ciMethod java/lang/Class isArray ()Z 2049 1 256 0 -1
ciMethod java/lang/Class getName ()Ljava/lang/String; 1857 1 84237 0 -1
ciMethod java/lang/Class getClassLoader0 ()Ljava/lang/ClassLoader; 1025 1 128 0 -1
ciMethod java/lang/Class getSuperclass ()Ljava/lang/Class; 2049 1 256 0 -1
ciMethod java/lang/Class getInterfaces ()[Ljava/lang/Class; 169 1 5174 0 1568
ciMethod java/lang/Class getInterfaces0 ()[Ljava/lang/Class; 2057 1 257 0 -1
ciMethod java/lang/Class getMethods ()[Ljava/lang/reflect/Method; 569 1 1250 0 0
ciMethod java/lang/Class getDeclaredMethods ()[Ljava/lang/reflect/Method; 601 1 823 0 0
ciMethod java/lang/Class checkMemberAccess (ILjava/lang/Class;Z)V 2049 1 5387 0 96
ciMethod java/lang/Class checkPackageAccess (Ljava/lang/ClassLoader;Z)V 113 1 90 0 -1
ciMethod java/lang/Class reflectionData ()Ljava/lang/Class$ReflectionData; 2105 1 5411 0 1312
ciMethod java/lang/Class newReflectionData (Ljava/lang/ref/SoftReference;I)Ljava/lang/Class$ReflectionData; 681 1 728 0 0
ciMethod java/lang/Class privateGetDeclaredMethods (Z)[Ljava/lang/reflect/Method; 2049 1 5419 0 1664
ciMethod java/lang/Class privateGetPublicMethods ()[Ljava/lang/reflect/Method; 953 1745 1692 0 0
ciMethod java/lang/Class arrayContentsEq ([Ljava/lang/Object;[Ljava/lang/Object;)Z 2049 969 4391 0 0
ciMethod java/lang/Class copyMethods ([Ljava/lang/reflect/Method;)[Ljava/lang/reflect/Method; 1137 6113 1838 0 960
ciMethod java/lang/Class getDeclaredMethods0 (Z)[Ljava/lang/reflect/Method; 2057 1 257 0 -1
ciMethod java/lang/Class getReflectionFactory ()Lsun/reflect/ReflectionFactory; 2049 1 6164 0 -1
ciMethod java/lang/Class checkInitted ()V 2089 1 10489 0 0
ciMethod java/lang/Class access$300 ([Ljava/lang/Object;[Ljava/lang/Object;)Z 49 1 156 0 0
ciMethod java/lang/ClassLoader getClassLoader (Ljava/lang/Class;)Ljava/lang/ClassLoader; 305 1 1273 0 -1
ciMethod java/lang/System getSecurityManager ()Ljava/lang/SecurityManager; 2057 1 42730 0 0
ciMethod java/lang/SecurityManager checkPermission (Ljava/security/Permission;)V 0 0 1 0 -1
ciMethod java/lang/ref/Reference get ()Ljava/lang/Object; 2153 1 269 0 -1
ciMethod java/lang/ref/Reference <init> (Ljava/lang/Object;)V 1793 1 20085 0 0
ciMethod java/lang/ref/Reference <init> (Ljava/lang/Object;Ljava/lang/ref/ReferenceQueue;)V 2049 1 29702 0 96
ciMethod java/lang/ref/SoftReference <init> (Ljava/lang/Object;)V 1601 1 4746 0 0
ciMethod java/lang/ref/SoftReference get ()Ljava/lang/Object; 2057 1 24108 0 96
ciMethod java/util/Map get (Ljava/lang/Object;)Ljava/lang/Object; 0 0 1 0 -1
ciMethod java/util/Map put (Ljava/lang/Object;Ljava/lang/Object;)Ljava/lang/Object; 0 0 1 0 -1
ciMethod java/lang/reflect/Member getName ()Ljava/lang/String; 0 0 1 0 -1
ciMethod java/lang/reflect/Method getDeclaringClass ()Ljava/lang/Class; 1201 1 150 0 0
ciMethod java/lang/reflect/Method getName ()Ljava/lang/String; 1289 1 161 0 0
ciMethod java/lang/reflect/Method getModifiers ()I 1097 1 137 0 0
ciMethod java/lang/reflect/Method getReturnType ()Ljava/lang/Class; 1185 1 148 0 0
ciMethod java/lang/reflect/Method getParameterTypes ()[Ljava/lang/Class; 3121 1 73346 0 256
ciMethod java/lang/reflect/Method equals (Ljava/lang/Object;)Z 2105 1 13713 0 -1
ciMethod java/lang/reflect/Method isDefault ()Z 2105 1 12684 0 128
ciMethod java/lang/annotation/Annotation annotationType ()Ljava/lang/Class; 0 0 1 0 -1
ciMethod sun/misc/Unsafe compareAndSwapObject (Ljava/lang/Object;JLjava/lang/Object;Ljava/lang/Object;)Z 2049 1 256 0 -1
ciMethod java/security/AccessController doPrivileged (Ljava/security/PrivilegedAction;)Ljava/lang/Object; 2049 1 256 0 -1
ciMethod java/util/AbstractCollection add (Ljava/lang/Object;)Z 0 0 1 0 -1
ciMethod sun/reflect/ReflectionFactory copyMethod (Ljava/lang/reflect/Method;)Ljava/lang/reflect/Method; 2057 1 18136 0 -1
ciMethod java/lang/Math max (II)I 1497 1 7523 0 -1
ciMethod java/util/Collections emptySet ()Ljava/util/Set; 489 1 6960 0 0
ciMethod java/util/Set size ()I 0 0 1 0 -1
ciMethod java/util/Set contains (Ljava/lang/Object;)Z 0 0 1 0 -1
ciMethod java/util/Set add (Ljava/lang/Object;)Z 0 0 1 0 -1
ciMethod sun/reflect/Reflection getCallerClass ()Ljava/lang/Class; 3073 1 384 0 -1
ciMethod sun/reflect/Reflection filterMethods (Ljava/lang/Class;[Ljava/lang/reflect/Method;)[Ljava/lang/reflect/Method; 521 1 701 0 0
ciMethod sun/reflect/Reflection filter ([Ljava/lang/reflect/Member;[Ljava/lang/String;)[Ljava/lang/reflect/Member; 721 1 984 0 0
ciMethod java/util/HashMap hash (Ljava/lang/Object;)I 2169 1 54466 0 0
ciMethod java/util/HashMap getNode (ILjava/lang/Object;)Ljava/util/HashMap$Node; 2049 129 10632 0 544
ciMethod java/util/HashMap containsKey (Ljava/lang/Object;)Z 2049 1 11972 0 640
ciMethod java/lang/Class$3 <init> ()V 41 1 5 0 -1
ciMethod java/lang/Class$ReflectionData <init> (I)V 2049 1 728 0 0
ciMethod java/lang/Class$Atomic casReflectionData (Ljava/lang/Class;Ljava/lang/ref/SoftReference;Ljava/lang/ref/SoftReference;)Z 2049 1 728 0 0
ciMethod java/lang/reflect/Modifier isPrivate (I)Z 2049 1 3486 0 0
ciMethod java/lang/reflect/Modifier isStatic (I)Z 2089 1 10709 0 64
ciMethod java/lang/reflect/Modifier isAbstract (I)Z 1809 1 3328 0 0
ciMethod java/util/Arrays copyOf ([Ljava/lang/Object;I)[Ljava/lang/Object; 2049 1 3629 0 0
ciMethod java/util/Arrays copyOf ([Ljava/lang/Object;ILjava/lang/Class;)[Ljava/lang/Object; 2049 1 5379 0 -1
ciMethodData java/lang/Object <init> ()V 2 521514 orig 264 216 160 73 118 0 0 0 0 128 4 136 22 0 0 0 0 32 1 0 0 0 0 0 0 0 0 0 0 0 0 0 0 0 0 0 0 0 0 0 0 0 0 0 0 0 0 0 0 0 0 0 0 0 0 0 0 0 0 0 0 0 0 0 0 0 0 0 0 0 0 0 0 0 0 0 0 0 0 0 0 77 68 79 32 101 120 116 114 97 32 100 97 116 97 32 108 111 99 107 0 0 0 0 0 0 0 0 0 0 0 0 0 0 0 0 0 0 0 0 0 0 0 0 0 0 0 0 0 0 0 0 0 0 0 0 0 0 0 0 0 0 0 0 0 0 0 0 0 0 0 0 0 0 0 0 0 0 0 0 0 0 0 0 0 0 0 0 0 0 0 0 0 0 0 0 0 0 0 0 0 0 0 0 0 1 0 0 0 0 0 0 0 1 0 0 0 0 0 0 0 1 0 0 0 0 0 0 0 0 0 0 0 0 0 0 0 0 2 0 0 81 153 63 0 1 0 0 0 0 0 0 0 0 0 0 0 2 0 0 0 0 0 3 0 1 0 0 0 0 0 0 0 255 255 255 255 0 0 0 0 0 0 0 0 data 0 oops 0
ciMethod java/lang/Enum getDeclaringClass ()Ljava/lang/Class; 2049 1 3174 0 -1
ciMethod java/lang/IllegalArgumentException <init> (Ljava/lang/String;)V 0 0 1 0 -1
ciMethod java/lang/reflect/Array newInstance (Ljava/lang/Class;I)Ljava/lang/Object; 305 1 6401 0 -1
ciMethod java/util/concurrent/locks/ReentrantLock lock ()V 1369 1 3257 0 -1
ciMethod java/util/concurrent/locks/ReentrantLock unlock ()V 1401 1 3262 0 -1
ciMethod java/util/HashMap$TreeNode getTreeNode (ILjava/lang/Object;)Ljava/util/HashMap$TreeNode; 0 0 1 0 -1
ciMethod java/util/HashSet <init> ()V 25 1 8792 0 -1
ciMethod java/util/HashSet contains (Ljava/lang/Object;)Z 2401 1 9782 0 1376
ciMethod java/lang/Class$MethodArray <init> ()V 2425 1 844 0 0
ciMethod java/lang/Class$MethodArray <init> (I)V 2049 1 5136 0 0
ciMethod java/lang/Class$MethodArray hasDefaults ()Z 1769 1 1843 0 0
ciMethod java/lang/Class$MethodArray add (Ljava/lang/reflect/Method;)V 3041 1 5554 0 640
ciMethod java/lang/Class$MethodArray addAll ([Ljava/lang/reflect/Method;)V 1337 8729 506 0 0
ciMethod java/lang/Class$MethodArray addAll (Ljava/lang/Class$MethodArray;)V 249 1009 168 0 0
ciMethod java/lang/Class$MethodArray addIfNotPresent (Ljava/lang/reflect/Method;)V 2017 24577 1477 0 1184
ciMethod java/lang/Class$MethodArray addAllIfNotPresent (Ljava/lang/Class$MethodArray;)V 1089 7241 338 0 0
ciMethod java/lang/Class$MethodArray addInterfaceMethods ([Ljava/lang/reflect/Method;)V 921 3313 273 0 0
ciMethod java/lang/Class$MethodArray length ()I 1025 1 128 0 0
ciMethod java/lang/Class$MethodArray get (I)Ljava/lang/reflect/Method; 2265 1 9078 0 0
ciMethod java/lang/Class$MethodArray removeByNameAndDescriptor (Ljava/lang/reflect/Method;)V 2409 32769 2372 0 896
ciMethod java/lang/Class$MethodArray remove (I)V 1033 1 317 0 0
ciMethod java/lang/Class$MethodArray matchesNameAndDescriptor (Ljava/lang/reflect/Method;Ljava/lang/reflect/Method;)Z 2937 1 5646 0 576
ciMethod java/lang/Class$MethodArray compactAndTrim ()V 1089 10537 338 0 0
ciMethod java/lang/Class$MethodArray removeLessSpecifics ()V 745 97 1677 0 0
ciMethod java/lang/Class$MethodArray getArray ()[Ljava/lang/reflect/Method; 1041 1 130 0 0
ciMethod java/lang/Class$MethodArray hasMoreSpecificClass (Ljava/lang/reflect/Method;Ljava/lang/reflect/Method;)Z 17 1 2 0 0
ciMethodData java/lang/System getSecurityManager ()Ljava/lang/SecurityManager; 2 42730 orig 264 216 160 73 118 0 0 0 0 232 148 137 22 0 0 0 0 24 1 0 0 0 0 0 0 0 0 0 0 0 0 0 0 0 0 0 0 0 0 0 0 0 0 0 0 0 0 0 0 0 0 0 0 0 0 0 0 0 0 0 0 0 0 0 0 0 0 0 0 0 0 0 0 0 0 0 0 0 0 0 0 77 68 79 32 101 120 116 114 97 32 100 97 116 97 32 108 111 99 107 0 0 0 0 0 0 0 0 0 0 0 0 0 0 0 0 0 0 0 0 0 0 0 0 0 0 0 0 0 0 0 0 0 0 0 0 0 0 0 0 0 0 0 0 0 0 0 0 0 0 0 0 0 0 0 0 0 0 0 0 0 0 0 0 0 0 0 0 0 0 0 0 0 0 0 0 0 0 0 0 0 0 0 0 0 0 0 0 0 0 0 0 0 0 0 0 0 0 0 0 0 0 0 0 0 0 0 0 0 0 0 0 0 0 0 0 0 1 1 0 0 73 47 5 0 1 0 0 0 0 0 0 0 0 0 0 0 2 0 0 0 0 0 3 0 1 0 0 0 0 0 0 0 255 255 255 255 0 0 0 0 0 0 0 0 data 0 oops 0
ciMethodData java/util/HashMap hash (Ljava/lang/Object;)I 2 54466 orig 264 216 160 73 118 0 0 0 0 120 189 151 22 0 0 0 0 176 1 0 0 0 0 0 0 0 0 0 0 0 0 0 0 0 0 0 0 0 0 0 0 0 0 0 0 0 0 0 0 0 0 0 0 0 0 0 0 0 0 0 0 0 0 0 0 0 0 0 0 0 0 0 0 0 0 0 0 0 0 0 0 77 68 79 32 101 120 116 114 97 32 100 97 116 97 32 108 111 99 107 0 0 0 0 0 0 0 0 0 0 0 0 0 0 0 0 0 0 0 0 0 0 0 0 0 0 0 0 0 0 0 0 0 0 0 0 0 0 0 0 0 0 0 0 0 0 0 0 0 0 0 0 0 0 0 0 0 0 0 0 0 0 0 0 0 0 0 0 0 0 0 0 0 0 0 0 0 0 0 0 1 0 0 0 0 17 0 0 0 0 0 0 0 0 0 0 0 0 0 0 0 0 0 0 0 0 0 0 0 0 0 0 0 0 0 0 0 15 1 0 0 153 157 6 0 1 0 0 0 251 70 0 0 0 0 0 0 2 0 0 0 0 0 6 0 2 0 0 0 104 0 0 0 255 255 255 255 7 224 1 0 0 0 0 0 data 13 0x1e007 0xd3b1 0x38 0x3 0x50003 0x3 0x48 0x90005 0x3c76 0x172272a0 0x209 0x72b000 0x9532 oops 2